app/build/intermediates/manifest_merge_blame_file/debug/processDebugMainManifest/manifest-merger-blame-debug-report.txt
1<?xml version="1.0" encoding="utf-8"?>
2<manifest xmlns:android="http://schemas.android.com/apk/res/android"
3    package="com.ssbprep"
4    android:versionCode="1"
5    android:versionName="1.0" >
6
7    <uses-sdk
8        android:minSdkVersion="24"
9        android:targetSdkVersion="34" />
10
11    <uses-permission android:name="android.permission.INTERNET" />
11-->src\main\AndroidManifest.xml:5:5-67
11-->src\main\AndroidManifest.xml:5:22-64
12
13    <queries>
13-->[com.razorpay:checkout:1.6.33] AndroidManifest.xml:10:5-39:15
14        <intent>
14-->[com.razorpay:checkout:1.6.33] AndroidManifest.xml:11:9-17:18
15            <action android:name="android.intent.action.VIEW" />
15-->[com.razorpay:checkout:1.6.33] AndroidManifest.xml:12:13-65
15-->[com.razorpay:checkout:1.6.33] AndroidManifest.xml:12:21-62
16
17            <data
17-->[com.razorpay:checkout:1.6.33] AndroidManifest.xml:14:13-16:38
18                android:mimeType="*/*"
18-->[com.razorpay:checkout:1.6.33] AndroidManifest.xml:15:17-39
19                android:scheme="*" />
19-->[com.razorpay:checkout:1.6.33] AndroidManifest.xml:16:17-35
20        </intent>
21        <intent>
21-->[com.razorpay:checkout:1.6.33] AndroidManifest.xml:18:9-27:18
22            <action android:name="android.intent.action.VIEW" />
22-->[com.razorpay:checkout:1.6.33] AndroidManifest.xml:12:13-65
22-->[com.razorpay:checkout:1.6.33] AndroidManifest.xml:12:21-62
23
24            <category android:name="android.intent.category.BROWSABLE" />
24-->[com.razorpay:checkout:1.6.33] AndroidManifest.xml:21:13-74
24-->[com.razorpay:checkout:1.6.33] AndroidManifest.xml:21:23-71
25
26            <data
26-->[com.razorpay:checkout:1.6.33] AndroidManifest.xml:14:13-16:38
27                android:host="pay"
28                android:mimeType="*/*"
28-->[com.razorpay:checkout:1.6.33] AndroidManifest.xml:15:17-39
29                android:scheme="upi" />
29-->[com.razorpay:checkout:1.6.33] AndroidManifest.xml:16:17-35
30        </intent>
31        <intent>
31-->[com.razorpay:checkout:1.6.33] AndroidManifest.xml:28:9-30:18
32            <action android:name="android.intent.action.MAIN" />
32-->src\main\AndroidManifest.xml:18:17-69
32-->src\main\AndroidManifest.xml:18:25-66
33        </intent>
34        <intent>
34-->[com.razorpay:checkout:1.6.33] AndroidManifest.xml:31:9-35:18
35            <action android:name="android.intent.action.SEND" />
35-->[com.razorpay:checkout:1.6.33] AndroidManifest.xml:32:13-65
35-->[com.razorpay:checkout:1.6.33] AndroidManifest.xml:32:21-62
36
37            <data android:mimeType="*/*" />
37-->[com.razorpay:checkout:1.6.33] AndroidManifest.xml:14:13-16:38
37-->[com.razorpay:checkout:1.6.33] AndroidManifest.xml:15:17-39
38        </intent>
39        <intent>
39-->[com.razorpay:checkout:1.6.33] AndroidManifest.xml:36:9-38:18
40            <action android:name="rzp.device_token.share" />
40-->[com.razorpay:checkout:1.6.33] AndroidManifest.xml:37:13-61
40-->[com.razorpay:checkout:1.6.33] AndroidManifest.xml:37:21-58
41        </intent>
42    </queries>
43
44    <uses-permission android:name="android.permission.ACCESS_NETWORK_STATE" />
44-->[com.google.firebase:firebase-auth:22.1.0] AndroidManifest.xml:26:5-79
44-->[com.google.firebase:firebase-auth:22.1.0] AndroidManifest.xml:26:22-76
45
46    <uses-feature
46-->[com.google.android.gms:play-services-maps:17.0.0] AndroidManifest.xml:26:5-28:35
47        android:glEsVersion="0x00020000"
47-->[com.google.android.gms:play-services-maps:17.0.0] AndroidManifest.xml:27:9-41
48        android:required="true" />
48-->[com.google.android.gms:play-services-maps:17.0.0] AndroidManifest.xml:28:9-32
49
50    <permission
50-->[androidx.core:core:1.12.0] AndroidManifest.xml:22:5-24:47
51        android:name="com.ssbprep.DYNAMIC_RECEIVER_NOT_EXPORTED_PERMISSION"
51-->[androidx.core:core:1.12.0] AndroidManifest.xml:23:9-81
52        android:protectionLevel="signature" />
52-->[androidx.core:core:1.12.0] AndroidManifest.xml:24:9-44
53
54    <uses-permission android:name="com.ssbprep.DYNAMIC_RECEIVER_NOT_EXPORTED_PERMISSION" />
54-->[androidx.core:core:1.12.0] AndroidManifest.xml:26:5-97
54-->[androidx.core:core:1.12.0] AndroidManifest.xml:26:22-94
55
56    <application
56-->src\main\AndroidManifest.xml:7:5-68:19
57        android:allowBackup="true"
57-->src\main\AndroidManifest.xml:8:9-35
58        android:appComponentFactory="androidx.core.app.CoreComponentFactory"
58-->[androidx.core:core:1.12.0] AndroidManifest.xml:28:18-86
59        android:debuggable="true"
60        android:extractNativeLibs="false"
61        android:icon="@drawable/ic_launcher"
61-->src\main\AndroidManifest.xml:9:9-45
62        android:label="@string/app_name"
62-->src\main\AndroidManifest.xml:10:9-41
63        android:supportsRtl="true"
63-->src\main\AndroidManifest.xml:11:9-35
64        android:theme="@style/Theme.SSBPrep" >
64-->src\main\AndroidManifest.xml:12:9-45
65        <activity
65-->src\main\AndroidManifest.xml:14:9-21:20
66            android:name="com.ssbprep.activities.LoginActivity"
66-->src\main\AndroidManifest.xml:15:13-53
67            android:exported="true" >
67-->src\main\AndroidManifest.xml:16:13-36
68            <intent-filter>
68-->src\main\AndroidManifest.xml:17:13-20:29
69                <action android:name="android.intent.action.MAIN" />
69-->src\main\AndroidManifest.xml:18:17-69
69-->src\main\AndroidManifest.xml:18:25-66
70
71                <category android:name="android.intent.category.LAUNCHER" />
71-->src\main\AndroidManifest.xml:19:17-77
71-->src\main\AndroidManifest.xml:19:27-74
72            </intent-filter>
73        </activity>
74        <activity
74-->src\main\AndroidManifest.xml:23:9-25:39
75            android:name="com.ssbprep.activities.SignUpActivity"
75-->src\main\AndroidManifest.xml:24:13-54
76            android:exported="true" />
76-->src\main\AndroidManifest.xml:25:13-36
77        <activity
77-->src\main\AndroidManifest.xml:27:9-29:39
78            android:name="com.ssbprep.activities.ForgotPasswordActivity"
78-->src\main\AndroidManifest.xml:28:13-62
79            android:exported="true" />
79-->src\main\AndroidManifest.xml:29:13-36
80        <activity
80-->src\main\AndroidManifest.xml:31:9-33:39
81            android:name="com.ssbprep.activities.HomeActivity"
81-->src\main\AndroidManifest.xml:32:13-52
82            android:exported="true" />
82-->src\main\AndroidManifest.xml:33:13-36
83        <activity
83-->src\main\AndroidManifest.xml:35:9-37:39
84            android:name="com.ssbprep.activities.ScreeningActivity"
84-->src\main\AndroidManifest.xml:36:13-57
85            android:exported="true" />
85-->src\main\AndroidManifest.xml:37:13-36
86        <activity
86-->src\main\AndroidManifest.xml:39:9-41:39
87            android:name="com.ssbprep.activities.GroundTasksActivity"
87-->src\main\AndroidManifest.xml:40:13-59
88            android:exported="true" />
88-->src\main\AndroidManifest.xml:41:13-36
89        <activity
89-->src\main\AndroidManifest.xml:43:9-45:39
90            android:name="com.ssbprep.activities.PsychologyActivity"
90-->src\main\AndroidManifest.xml:44:13-58
91            android:exported="true" />
91-->src\main\AndroidManifest.xml:45:13-36
92        <activity
92-->src\main\AndroidManifest.xml:47:9-49:39
93            android:name="com.ssbprep.activities.InterviewActivity"
93-->src\main\AndroidManifest.xml:48:13-57
94            android:exported="true" />
94-->src\main\AndroidManifest.xml:49:13-36
95        <activity
95-->src\main\AndroidManifest.xml:51:9-54:58
96            android:name="com.ssbprep.activities.ScheduleInterviewActivity"
96-->src\main\AndroidManifest.xml:52:13-65
97            android:exported="true"
97-->src\main\AndroidManifest.xml:53:13-36
98            android:windowSoftInputMode="adjustResize" />
98-->src\main\AndroidManifest.xml:54:13-55
99        <activity
99-->src\main\AndroidManifest.xml:56:9-58:39
100            android:name="com.ssbprep.activities.PaymentActivity"
100-->src\main\AndroidManifest.xml:57:13-55
101            android:exported="true" />
101-->src\main\AndroidManifest.xml:58:13-36
102        <activity
102-->src\main\AndroidManifest.xml:60:9-62:39
103            android:name="com.ssbprep.activities.CIQsActivity"
103-->src\main\AndroidManifest.xml:61:13-52
104            android:exported="true" />
104-->src\main\AndroidManifest.xml:62:13-36
105        <activity
105-->src\main\AndroidManifest.xml:64:9-66:39
106            android:name="com.ssbprep.activities.TaskDetailActivity"
106-->src\main\AndroidManifest.xml:65:13-58
107            android:exported="true" />
107-->src\main\AndroidManifest.xml:66:13-36
108
109        <receiver
109-->[com.razorpay:checkout:1.6.33] AndroidManifest.xml:42:9-49:20
110            android:name="com.razorpay.RzpTokenReceiver"
110-->[com.razorpay:checkout:1.6.33] AndroidManifest.xml:43:13-57
111            android:exported="true" >
111-->[com.razorpay:checkout:1.6.33] AndroidManifest.xml:44:13-36
112            <intent-filter>
112-->[com.razorpay:checkout:1.6.33] AndroidManifest.xml:46:13-48:29
113                <action android:name="rzp.device_token.share" />
113-->[com.razorpay:checkout:1.6.33] AndroidManifest.xml:37:13-61
113-->[com.razorpay:checkout:1.6.33] AndroidManifest.xml:37:21-58
114            </intent-filter>
115        </receiver>
116
117        <activity
117-->[com.razorpay:checkout:1.6.33] AndroidManifest.xml:51:9-59:20
118            android:name="com.razorpay.CheckoutActivity"
118-->[com.razorpay:checkout:1.6.33] AndroidManifest.xml:52:13-57
119            android:configChanges="keyboard|keyboardHidden|orientation|screenSize"
119-->[com.razorpay:checkout:1.6.33] AndroidManifest.xml:53:13-83
120            android:exported="true"
120-->[com.razorpay:checkout:1.6.33] AndroidManifest.xml:54:13-36
121            android:theme="@style/CheckoutTheme" >
121-->[com.razorpay:checkout:1.6.33] AndroidManifest.xml:55:13-49
122            <intent-filter>
122-->[com.razorpay:checkout:1.6.33] AndroidManifest.xml:56:13-58:29
123                <action android:name="android.intent.action.MAIN" />
123-->src\main\AndroidManifest.xml:18:17-69
123-->src\main\AndroidManifest.xml:18:25-66
124            </intent-filter>
125        </activity>
126
127        <meta-data
127-->[com.razorpay:checkout:1.6.33] AndroidManifest.xml:61:9-63:58
128            android:name="com.razorpay.plugin.googlepay_all"
128-->[com.razorpay:checkout:1.6.33] AndroidManifest.xml:62:13-61
129            android:value="com.razorpay.RzpGpayMerged" />
129-->[com.razorpay:checkout:1.6.33] AndroidManifest.xml:63:13-55
130
131        <activity
131-->[com.google.android.gms:play-services-auth:20.6.0] AndroidManifest.xml:23:9-27:75
132            android:name="com.google.android.gms.auth.api.signin.internal.SignInHubActivity"
132-->[com.google.android.gms:play-services-auth:20.6.0] AndroidManifest.xml:24:13-93
133            android:excludeFromRecents="true"
133-->[com.google.android.gms:play-services-auth:20.6.0] AndroidManifest.xml:25:13-46
134            android:exported="false"
134-->[com.google.android.gms:play-services-auth:20.6.0] AndroidManifest.xml:26:13-37
135            android:theme="@android:style/Theme.Translucent.NoTitleBar" />
135-->[com.google.android.gms:play-services-auth:20.6.0] AndroidManifest.xml:27:13-72
136        <!--
137            Service handling Google Sign-In user revocation. For apps that do not integrate with
138            Google Sign-In, this service will never be started.
139        -->
140        <service
140-->[com.google.android.gms:play-services-auth:20.6.0] AndroidManifest.xml:33:9-37:51
141            android:name="com.google.android.gms.auth.api.signin.RevocationBoundService"
141-->[com.google.android.gms:play-services-auth:20.6.0] AndroidManifest.xml:34:13-89
142            android:exported="true"
142-->[com.google.android.gms:play-services-auth:20.6.0] AndroidManifest.xml:35:13-36
143            android:permission="com.google.android.gms.auth.api.signin.permission.REVOCATION_NOTIFICATION"
143-->[com.google.android.gms:play-services-auth:20.6.0] AndroidManifest.xml:36:13-107
144            android:visibleToInstantApps="true" />
144-->[com.google.android.gms:play-services-auth:20.6.0] AndroidManifest.xml:37:13-48
145        <service
145-->[com.google.firebase:firebase-auth-ktx:22.1.0] AndroidManifest.xml:8:9-14:19
146            android:name="com.google.firebase.components.ComponentDiscoveryService"
146-->[com.google.firebase:firebase-auth-ktx:22.1.0] AndroidManifest.xml:9:13-84
147            android:directBootAware="true"
147-->[com.google.firebase:firebase-common:20.3.3] AndroidManifest.xml:34:13-43
148            android:exported="false" >
148-->[com.google.firebase:firebase-auth-ktx:22.1.0] AndroidManifest.xml:10:13-37
149            <meta-data
149-->[com.google.firebase:firebase-auth-ktx:22.1.0] AndroidManifest.xml:11:13-13:85
150                android:name="com.google.firebase.components:com.google.firebase.auth.ktx.FirebaseAuthKtxRegistrar"
150-->[com.google.firebase:firebase-auth-ktx:22.1.0] AndroidManifest.xml:12:17-116
151                android:value="com.google.firebase.components.ComponentRegistrar" />
151-->[com.google.firebase:firebase-auth-ktx:22.1.0] AndroidManifest.xml:13:17-82
152            <meta-data
152-->[com.google.firebase:firebase-auth:22.1.0] AndroidManifest.xml:69:13-71:85
153                android:name="com.google.firebase.components:com.google.firebase.auth.FirebaseAuthRegistrar"
153-->[com.google.firebase:firebase-auth:22.1.0] AndroidManifest.xml:70:17-109
154                android:value="com.google.firebase.components.ComponentRegistrar" />
154-->[com.google.firebase:firebase-auth:22.1.0] AndroidManifest.xml:71:17-82
155            <meta-data
155-->[com.google.firebase:firebase-storage-ktx:20.2.1] AndroidManifest.xml:14:13-16:85
156                android:name="com.google.firebase.components:com.google.firebase.storage.ktx.FirebaseStorageKtxRegistrar"
156-->[com.google.firebase:firebase-storage-ktx:20.2.1] AndroidManifest.xml:15:17-122
157                android:value="com.google.firebase.components.ComponentRegistrar" />
157-->[com.google.firebase:firebase-storage-ktx:20.2.1] AndroidManifest.xml:16:17-82
158            <meta-data
158-->[com.google.firebase:firebase-storage:20.2.1] AndroidManifest.xml:32:13-34:85
159                android:name="com.google.firebase.components:com.google.firebase.storage.StorageRegistrar"
159-->[com.google.firebase:firebase-storage:20.2.1] AndroidManifest.xml:33:17-107
160                android:value="com.google.firebase.components.ComponentRegistrar" />
160-->[com.google.firebase:firebase-storage:20.2.1] AndroidManifest.xml:34:17-82
161            <meta-data
161-->[com.google.firebase:firebase-firestore-ktx:24.7.0] AndroidManifest.xml:14:13-16:85
162                android:name="com.google.firebase.components:com.google.firebase.firestore.ktx.FirebaseFirestoreKtxRegistrar"
162-->[com.google.firebase:firebase-firestore-ktx:24.7.0] AndroidManifest.xml:15:17-126
163                android:value="com.google.firebase.components.ComponentRegistrar" />
163-->[com.google.firebase:firebase-firestore-ktx:24.7.0] AndroidManifest.xml:16:17-82
164            <meta-data
164-->[com.google.firebase:firebase-firestore:24.7.0] AndroidManifest.xml:19:13-21:85
165                android:name="com.google.firebase.components:com.google.firebase.firestore.FirestoreRegistrar"
165-->[com.google.firebase:firebase-firestore:24.7.0] AndroidManifest.xml:20:17-111
166                android:value="com.google.firebase.components.ComponentRegistrar" />
166-->[com.google.firebase:firebase-firestore:24.7.0] AndroidManifest.xml:21:17-82
167            <meta-data
167-->[com.google.firebase:firebase-common-ktx:20.3.3] AndroidManifest.xml:14:13-16:85
168                android:name="com.google.firebase.components:com.google.firebase.ktx.FirebaseCommonKtxRegistrar"
168-->[com.google.firebase:firebase-common-ktx:20.3.3] AndroidManifest.xml:15:17-113
169                android:value="com.google.firebase.components.ComponentRegistrar" />
169-->[com.google.firebase:firebase-common-ktx:20.3.3] AndroidManifest.xml:16:17-82
170        </service>
171
172        <activity
172-->[com.google.firebase:firebase-auth:22.1.0] AndroidManifest.xml:29:9-46:20
173            android:name="com.google.firebase.auth.internal.GenericIdpActivity"
173-->[com.google.firebase:firebase-auth:22.1.0] AndroidManifest.xml:30:13-80
174            android:excludeFromRecents="true"
174-->[com.google.firebase:firebase-auth:22.1.0] AndroidManifest.xml:31:13-46
175            android:exported="true"
175-->[com.google.firebase:firebase-auth:22.1.0] AndroidManifest.xml:32:13-36
176            android:launchMode="singleTask"
176-->[com.google.firebase:firebase-auth:22.1.0] AndroidManifest.xml:33:13-44
177            android:theme="@android:style/Theme.Translucent.NoTitleBar" >
177-->[com.google.firebase:firebase-auth:22.1.0] AndroidManifest.xml:34:13-72
178            <intent-filter>
178-->[com.google.firebase:firebase-auth:22.1.0] AndroidManifest.xml:35:13-45:29
179                <action android:name="android.intent.action.VIEW" />
179-->[com.razorpay:checkout:1.6.33] AndroidManifest.xml:12:13-65
179-->[com.razorpay:checkout:1.6.33] AndroidManifest.xml:12:21-62
180
181                <category android:name="android.intent.category.DEFAULT" />
181-->[com.google.firebase:firebase-auth:22.1.0] AndroidManifest.xml:38:17-76
181-->[com.google.firebase:firebase-auth:22.1.0] AndroidManifest.xml:38:27-73
182                <category android:name="android.intent.category.BROWSABLE" />
182-->[com.razorpay:checkout:1.6.33] AndroidManifest.xml:21:13-74
182-->[com.razorpay:checkout:1.6.33] AndroidManifest.xml:21:23-71
183
184                <data
184-->[com.razorpay:checkout:1.6.33] AndroidManifest.xml:14:13-16:38
185                    android:host="firebase.auth"
186                    android:path="/"
187                    android:scheme="genericidp" />
187-->[com.razorpay:checkout:1.6.33] AndroidManifest.xml:16:17-35
188            </intent-filter>
189        </activity>
190        <activity
190-->[com.google.firebase:firebase-auth:22.1.0] AndroidManifest.xml:47:9-64:20
191            android:name="com.google.firebase.auth.internal.RecaptchaActivity"
191-->[com.google.firebase:firebase-auth:22.1.0] AndroidManifest.xml:48:13-79
192            android:excludeFromRecents="true"
192-->[com.google.firebase:firebase-auth:22.1.0] AndroidManifest.xml:49:13-46
193            android:exported="true"
193-->[com.google.firebase:firebase-auth:22.1.0] AndroidManifest.xml:50:13-36
194            android:launchMode="singleTask"
194-->[com.google.firebase:firebase-auth:22.1.0] AndroidManifest.xml:51:13-44
195            android:theme="@android:style/Theme.Translucent.NoTitleBar" >
195-->[com.google.firebase:firebase-auth:22.1.0] AndroidManifest.xml:52:13-72
196            <intent-filter>
196-->[com.google.firebase:firebase-auth:22.1.0] AndroidManifest.xml:53:13-63:29
197                <action android:name="android.intent.action.VIEW" />
197-->[com.razorpay:checkout:1.6.33] AndroidManifest.xml:12:13-65
197-->[com.razorpay:checkout:1.6.33] AndroidManifest.xml:12:21-62
198
199                <category android:name="android.intent.category.DEFAULT" />
199-->[com.google.firebase:firebase-auth:22.1.0] AndroidManifest.xml:38:17-76
199-->[com.google.firebase:firebase-auth:22.1.0] AndroidManifest.xml:38:27-73
200                <category android:name="android.intent.category.BROWSABLE" />
200-->[com.razorpay:checkout:1.6.33] AndroidManifest.xml:21:13-74
200-->[com.razorpay:checkout:1.6.33] AndroidManifest.xml:21:23-71
201
202                <data
202-->[com.razorpay:checkout:1.6.33] AndroidManifest.xml:14:13-16:38
203                    android:host="firebase.auth"
204                    android:path="/"
205                    android:scheme="recaptcha" />
205-->[com.razorpay:checkout:1.6.33] AndroidManifest.xml:16:17-35
206            </intent-filter>
207        </activity> <!-- Needs to be explicitly declared on P+ -->
208        <uses-library
208-->[com.google.android.gms:play-services-maps:17.0.0] AndroidManifest.xml:33:9-35:40
209            android:name="org.apache.http.legacy"
209-->[com.google.android.gms:play-services-maps:17.0.0] AndroidManifest.xml:34:13-50
210            android:required="false" />
210-->[com.google.android.gms:play-services-maps:17.0.0] AndroidManifest.xml:35:13-37
211
212        <activity
212-->[com.google.android.gms:play-services-base:18.0.1] AndroidManifest.xml:20:9-22:45
213            android:name="com.google.android.gms.common.api.GoogleApiActivity"
213-->[com.google.android.gms:play-services-base:18.0.1] AndroidManifest.xml:20:19-85
214            android:exported="false"
214-->[com.google.android.gms:play-services-base:18.0.1] AndroidManifest.xml:22:19-43
215            android:theme="@android:style/Theme.Translucent.NoTitleBar" />
215-->[com.google.android.gms:play-services-base:18.0.1] AndroidManifest.xml:21:19-78
216
217        <provider
217-->[com.google.firebase:firebase-common:20.3.3] AndroidManifest.xml:25:9-30:39
218            android:name="com.google.firebase.provider.FirebaseInitProvider"
218-->[com.google.firebase:firebase-common:20.3.3] AndroidManifest.xml:26:13-77
219            android:authorities="com.ssbprep.firebaseinitprovider"
219-->[com.google.firebase:firebase-common:20.3.3] AndroidManifest.xml:27:13-72
220            android:directBootAware="true"
220-->[com.google.firebase:firebase-common:20.3.3] AndroidManifest.xml:28:13-43
221            android:exported="false"
221-->[com.google.firebase:firebase-common:20.3.3] AndroidManifest.xml:29:13-37
222            android:initOrder="100" />
222-->[com.google.firebase:firebase-common:20.3.3] AndroidManifest.xml:30:13-36
223
224        <meta-data
224-->[com.google.android.gms:play-services-basement:18.2.0] AndroidManifest.xml:21:9-23:69
225            android:name="com.google.android.gms.version"
225-->[com.google.android.gms:play-services-basement:18.2.0] AndroidManifest.xml:22:13-58
226            android:value="@integer/google_play_services_version" />
226-->[com.google.android.gms:play-services-basement:18.2.0] AndroidManifest.xml:23:13-66
227
228        <provider
228-->[androidx.emoji2:emoji2:1.2.0] AndroidManifest.xml:24:9-32:20
229            android:name="androidx.startup.InitializationProvider"
229-->[androidx.emoji2:emoji2:1.2.0] AndroidManifest.xml:25:13-67
230            android:authorities="com.ssbprep.androidx-startup"
230-->[androidx.emoji2:emoji2:1.2.0] AndroidManifest.xml:26:13-68
231            android:exported="false" >
231-->[androidx.emoji2:emoji2:1.2.0] AndroidManifest.xml:27:13-37
232            <meta-data
232-->[androidx.emoji2:emoji2:1.2.0] AndroidManifest.xml:29:13-31:52
233                android:name="androidx.emoji2.text.EmojiCompatInitializer"
233-->[androidx.emoji2:emoji2:1.2.0] AndroidManifest.xml:30:17-75
234                android:value="androidx.startup" />
234-->[androidx.emoji2:emoji2:1.2.0] AndroidManifest.xml:31:17-49
235            <meta-data
235-->[androidx.lifecycle:lifecycle-process:2.6.1] AndroidManifest.xml:29:13-31:52
236                android:name="androidx.lifecycle.ProcessLifecycleInitializer"
236-->[androidx.lifecycle:lifecycle-process:2.6.1] AndroidManifest.xml:30:17-78
237                android:value="androidx.startup" />
237-->[androidx.lifecycle:lifecycle-process:2.6.1] AndroidManifest.xml:31:17-49
238            <meta-data
238-->[androidx.profileinstaller:profileinstaller:1.3.0] AndroidManifest.xml:29:13-31:52
239                android:name="androidx.profileinstaller.ProfileInstallerInitializer"
239-->[androidx.profileinstaller:profileinstaller:1.3.0] AndroidManifest.xml:30:17-85
240                android:value="androidx.startup" />
240-->[androidx.profileinstaller:profileinstaller:1.3.0] AndroidManifest.xml:31:17-49
241        </provider>
242
243        <receiver
243-->[androidx.profileinstaller:profileinstaller:1.3.0] AndroidManifest.xml:34:9-52:20
244            android:name="androidx.profileinstaller.ProfileInstallReceiver"
244-->[androidx.profileinstaller:profileinstaller:1.3.0] AndroidManifest.xml:35:13-76
245            android:directBootAware="false"
245-->[androidx.profileinstaller:profileinstaller:1.3.0] AndroidManifest.xml:36:13-44
246            android:enabled="true"
246-->[androidx.profileinstaller:profileinstaller:1.3.0] AndroidManifest.xml:37:13-35
247            android:exported="true"
247-->[androidx.profileinstaller:profileinstaller:1.3.0] AndroidManifest.xml:38:13-36
248            android:permission="android.permission.DUMP" >
248-->[androidx.profileinstaller:profileinstaller:1.3.0] AndroidManifest.xml:39:13-57
249            <intent-filter>
249-->[androidx.profileinstaller:profileinstaller:1.3.0] AndroidManifest.xml:40:13-42:29
250                <action android:name="androidx.profileinstaller.action.INSTALL_PROFILE" />
250-->[androidx.profileinstaller:profileinstaller:1.3.0] AndroidManifest.xml:41:17-91
250-->[androidx.profileinstaller:profileinstaller:1.3.0] AndroidManifest.xml:41:25-88
251            </intent-filter>
252            <intent-filter>
252-->[androidx.profileinstaller:profileinstaller:1.3.0] AndroidManifest.xml:43:13-45:29
253                <action android:name="androidx.profileinstaller.action.SKIP_FILE" />
253-->[androidx.profileinstaller:profileinstaller:1.3.0] AndroidManifest.xml:44:17-85
253-->[androidx.profileinstaller:profileinstaller:1.3.0] AndroidManifest.xml:44:25-82
254            </intent-filter>
255            <intent-filter>
255-->[androidx.profileinstaller:profileinstaller:1.3.0] AndroidManifest.xml:46:13-48:29
256                <action android:name="androidx.profileinstaller.action.SAVE_PROFILE" />
256-->[androidx.profileinstaller:profileinstaller:1.3.0] AndroidManifest.xml:47:17-88
256-->[androidx.profileinstaller:profileinstaller:1.3.0] AndroidManifest.xml:47:25-85
257            </intent-filter>
258            <intent-filter>
258-->[androidx.profileinstaller:profileinstaller:1.3.0] AndroidManifest.xml:49:13-51:29
259                <action android:name="androidx.profileinstaller.action.BENCHMARK_OPERATION" />
259-->[androidx.profileinstaller:profileinstaller:1.3.0] AndroidManifest.xml:50:17-95
259-->[androidx.profileinstaller:profileinstaller:1.3.0] AndroidManifest.xml:50:25-92
260            </intent-filter>
261        </receiver>
262    </application>
263
264</manifest>